{"/home/addicted2salt/jyeh20/projects/lifeRPG/server/app.js": {"path":"/home/addicted2salt/jyeh20/projects/lifeRPG/server/app.js","statementMap":{"0":{"start":{"line":5,"column":12},"end":{"line":5,"column":21}},"1":{"start":{"line":7,"column":0},"end":{"line":7,"column":27}},"2":{"start":{"line":8,"column":0},"end":{"line":8,"column":51}},"3":{"start":{"line":10,"column":0},"end":{"line":10,"column":22}},"4":{"start":{"line":11,"column":0},"end":{"line":11,"column":28}},"5":{"start":{"line":12,"column":0},"end":{"line":12,"column":22}}},"fnMap":{},"branchMap":{},"s":{"0":1,"1":1,"2":1,"3":1,"4":1,"5":1},"f":{},"b":{},"_coverageSchema":"1a1c01bbd47fc00a2c39e90264f33305004495a9","hash":"0ec6cfb18fce801308856882a9fc1ba7bd68279c"}
,"/home/addicted2salt/jyeh20/projects/lifeRPG/server/auth/jwt.js": {"path":"/home/addicted2salt/jyeh20/projects/lifeRPG/server/auth/jwt.js","statementMap":{"0":{"start":{"line":5,"column":16},"end":{"line":5,"column":53}},"1":{"start":{"line":7,"column":0},"end":{"line":16,"column":1}},"2":{"start":{"line":9,"column":4},"end":{"line":9,"column":57}},"3":{"start":{"line":10,"column":4},"end":{"line":10,"column":10}},"4":{"start":{"line":12,"column":4},"end":{"line":12,"column":57}},"5":{"start":{"line":13,"column":4},"end":{"line":13,"column":10}},"6":{"start":{"line":15,"column":4},"end":{"line":15,"column":56}},"7":{"start":{"line":18,"column":22},"end":{"line":29,"column":1}},"8":{"start":{"line":19,"column":2},"end":{"line":28,"column":3}},"9":{"start":{"line":20,"column":20},"end":{"line":20,"column":34}},"10":{"start":{"line":21,"column":4},"end":{"line":25,"column":6}},"11":{"start":{"line":27,"column":4},"end":{"line":27,"column":16}},"12":{"start":{"line":31,"column":20},"end":{"line":33,"column":1}},"13":{"start":{"line":32,"column":2},"end":{"line":32,"column":51}}},"fnMap":{"0":{"name":"(anonymous_0)","decl":{"start":{"line":18,"column":22},"end":{"line":18,"column":23}},"loc":{"start":{"line":18,"column":51},"end":{"line":29,"column":1}},"line":18},"1":{"name":"(anonymous_1)","decl":{"start":{"line":31,"column":20},"end":{"line":31,"column":21}},"loc":{"start":{"line":31,"column":31},"end":{"line":33,"column":1}},"line":31}},"branchMap":{"0":{"loc":{"start":{"line":5,"column":16},"end":{"line":5,"column":53}},"type":"binary-expr","locations":[{"start":{"line":5,"column":16},"end":{"line":5,"column":36}},{"start":{"line":5,"column":40},"end":{"line":5,"column":53}}],"line":5},"1":{"loc":{"start":{"line":7,"column":0},"end":{"line":16,"column":1}},"type":"switch","locations":[{"start":{"line":8,"column":2},"end":{"line":10,"column":10}},{"start":{"line":11,"column":2},"end":{"line":13,"column":10}},{"start":{"line":14,"column":2},"end":{"line":15,"column":56}}],"line":7},"2":{"loc":{"start":{"line":18,"column":29},"end":{"line":18,"column":46}},"type":"default-arg","locations":[{"start":{"line":18,"column":41},"end":{"line":18,"column":46}}],"line":18}},"s":{"0":1,"1":1,"2":0,"3":0,"4":1,"5":1,"6":0,"7":1,"8":13,"9":13,"10":13,"11":0,"12":1,"13":69},"f":{"0":13,"1":69},"b":{"0":[1,0],"1":[0,1,0],"2":[13]},"_coverageSchema":"1a1c01bbd47fc00a2c39e90264f33305004495a9","hash":"22b099631f7159078c39e2e603c324a93dd31660"}
,"/home/addicted2salt/jyeh20/projects/lifeRPG/server/controllers/commissions.js": {"path":"/home/addicted2salt/jyeh20/projects/lifeRPG/server/controllers/commissions.js","statementMap":{"0":{"start":{"line":6,"column":23},"end":{"line":14,"column":1}},"1":{"start":{"line":7,"column":2},"end":{"line":13,"column":3}},"2":{"start":{"line":8,"column":21},"end":{"line":8,"column":62}},"3":{"start":{"line":9,"column":4},"end":{"line":9,"column":31}},"4":{"start":{"line":11,"column":4},"end":{"line":11,"column":23}},"5":{"start":{"line":12,"column":4},"end":{"line":12,"column":51}},"6":{"start":{"line":16,"column":26},"end":{"line":28,"column":1}},"7":{"start":{"line":17,"column":13},"end":{"line":17,"column":34}},"8":{"start":{"line":19,"column":2},"end":{"line":27,"column":3}},"9":{"start":{"line":20,"column":21},"end":{"line":22,"column":6}},"10":{"start":{"line":23,"column":4},"end":{"line":23,"column":31}},"11":{"start":{"line":25,"column":4},"end":{"line":25,"column":23}},"12":{"start":{"line":26,"column":4},"end":{"line":26,"column":51}},"13":{"start":{"line":30,"column":33},"end":{"line":43,"column":1}},"14":{"start":{"line":31,"column":13},"end":{"line":31,"column":34}},"15":{"start":{"line":33,"column":2},"end":{"line":42,"column":3}},"16":{"start":{"line":34,"column":21},"end":{"line":37,"column":5}},"17":{"start":{"line":38,"column":4},"end":{"line":38,"column":31}},"18":{"start":{"line":40,"column":4},"end":{"line":40,"column":23}},"19":{"start":{"line":41,"column":4},"end":{"line":41,"column":51}},"20":{"start":{"line":47,"column":25},"end":{"line":73,"column":1}},"21":{"start":{"line":48,"column":21},"end":{"line":48,"column":45}},"22":{"start":{"line":49,"column":2},"end":{"line":49,"column":31}},"23":{"start":{"line":51,"column":2},"end":{"line":72,"column":3}},"24":{"start":{"line":52,"column":21},"end":{"line":65,"column":5}},"25":{"start":{"line":67,"column":4},"end":{"line":67,"column":74}},"26":{"start":{"line":68,"column":4},"end":{"line":68,"column":31}},"27":{"start":{"line":70,"column":4},"end":{"line":70,"column":23}},"28":{"start":{"line":71,"column":4},"end":{"line":71,"column":51}},"29":{"start":{"line":77,"column":25},"end":{"line":102,"column":1}},"30":{"start":{"line":78,"column":13},"end":{"line":78,"column":34}},"31":{"start":{"line":79,"column":28},"end":{"line":79,"column":52}},"32":{"start":{"line":80,"column":2},"end":{"line":101,"column":3}},"33":{"start":{"line":81,"column":21},"end":{"line":94,"column":5}},"34":{"start":{"line":96,"column":4},"end":{"line":96,"column":57}},"35":{"start":{"line":97,"column":4},"end":{"line":97,"column":31}},"36":{"start":{"line":99,"column":4},"end":{"line":99,"column":23}},"37":{"start":{"line":100,"column":4},"end":{"line":100,"column":51}},"38":{"start":{"line":106,"column":25},"end":{"line":119,"column":1}},"39":{"start":{"line":107,"column":13},"end":{"line":107,"column":34}},"40":{"start":{"line":109,"column":2},"end":{"line":118,"column":3}},"41":{"start":{"line":110,"column":21},"end":{"line":113,"column":5}},"42":{"start":{"line":114,"column":4},"end":{"line":114,"column":31}},"43":{"start":{"line":116,"column":4},"end":{"line":116,"column":23}},"44":{"start":{"line":117,"column":4},"end":{"line":117,"column":51}}},"fnMap":{"0":{"name":"(anonymous_0)","decl":{"start":{"line":6,"column":23},"end":{"line":6,"column":24}},"loc":{"start":{"line":6,"column":43},"end":{"line":14,"column":1}},"line":6},"1":{"name":"(anonymous_1)","decl":{"start":{"line":16,"column":26},"end":{"line":16,"column":27}},"loc":{"start":{"line":16,"column":46},"end":{"line":28,"column":1}},"line":16},"2":{"name":"(anonymous_2)","decl":{"start":{"line":30,"column":33},"end":{"line":30,"column":34}},"loc":{"start":{"line":30,"column":53},"end":{"line":43,"column":1}},"line":30},"3":{"name":"(anonymous_3)","decl":{"start":{"line":47,"column":25},"end":{"line":47,"column":26}},"loc":{"start":{"line":47,"column":45},"end":{"line":73,"column":1}},"line":47},"4":{"name":"(anonymous_4)","decl":{"start":{"line":77,"column":25},"end":{"line":77,"column":26}},"loc":{"start":{"line":77,"column":45},"end":{"line":102,"column":1}},"line":77},"5":{"name":"(anonymous_5)","decl":{"start":{"line":106,"column":25},"end":{"line":106,"column":26}},"loc":{"start":{"line":106,"column":45},"end":{"line":119,"column":1}},"line":106}},"branchMap":{},"s":{"0":1,"1":0,"2":0,"3":0,"4":0,"5":0,"6":1,"7":0,"8":0,"9":0,"10":0,"11":0,"12":0,"13":1,"14":0,"15":0,"16":0,"17":0,"18":0,"19":0,"20":1,"21":0,"22":0,"23":0,"24":0,"25":0,"26":0,"27":0,"28":0,"29":1,"30":0,"31":0,"32":0,"33":0,"34":0,"35":0,"36":0,"37":0,"38":1,"39":0,"40":0,"41":0,"42":0,"43":0,"44":0},"f":{"0":0,"1":0,"2":0,"3":0,"4":0,"5":0},"b":{},"_coverageSchema":"1a1c01bbd47fc00a2c39e90264f33305004495a9","hash":"3a0af64062f9d0a79d8a1dea7836384bc53503a8"}
,"/home/addicted2salt/jyeh20/projects/lifeRPG/server/controllers/goals.js": {"path":"/home/addicted2salt/jyeh20/projects/lifeRPG/server/controllers/goals.js","statementMap":{"0":{"start":{"line":6,"column":17},"end":{"line":14,"column":1}},"1":{"start":{"line":7,"column":2},"end":{"line":13,"column":3}},"2":{"start":{"line":8,"column":21},"end":{"line":8,"column":56}},"3":{"start":{"line":9,"column":4},"end":{"line":9,"column":31}},"4":{"start":{"line":11,"column":4},"end":{"line":11,"column":23}},"5":{"start":{"line":12,"column":4},"end":{"line":12,"column":51}},"6":{"start":{"line":16,"column":20},"end":{"line":26,"column":1}},"7":{"start":{"line":17,"column":13},"end":{"line":17,"column":34}},"8":{"start":{"line":19,"column":2},"end":{"line":25,"column":3}},"9":{"start":{"line":20,"column":21},"end":{"line":20,"column":76}},"10":{"start":{"line":21,"column":4},"end":{"line":21,"column":31}},"11":{"start":{"line":23,"column":4},"end":{"line":23,"column":23}},"12":{"start":{"line":24,"column":4},"end":{"line":24,"column":51}},"13":{"start":{"line":28,"column":27},"end":{"line":40,"column":1}},"14":{"start":{"line":29,"column":13},"end":{"line":29,"column":34}},"15":{"start":{"line":31,"column":2},"end":{"line":39,"column":3}},"16":{"start":{"line":32,"column":21},"end":{"line":34,"column":6}},"17":{"start":{"line":35,"column":4},"end":{"line":35,"column":31}},"18":{"start":{"line":37,"column":4},"end":{"line":37,"column":23}},"19":{"start":{"line":38,"column":4},"end":{"line":38,"column":51}},"20":{"start":{"line":44,"column":19},"end":{"line":62,"column":1}},"21":{"start":{"line":45,"column":15},"end":{"line":45,"column":33}},"22":{"start":{"line":47,"column":2},"end":{"line":61,"column":3}},"23":{"start":{"line":48,"column":21},"end":{"line":54,"column":5}},"24":{"start":{"line":56,"column":4},"end":{"line":56,"column":68}},"25":{"start":{"line":57,"column":4},"end":{"line":57,"column":31}},"26":{"start":{"line":59,"column":4},"end":{"line":59,"column":23}},"27":{"start":{"line":60,"column":4},"end":{"line":60,"column":51}},"28":{"start":{"line":66,"column":19},"end":{"line":87,"column":1}},"29":{"start":{"line":67,"column":13},"end":{"line":67,"column":34}},"30":{"start":{"line":68,"column":22},"end":{"line":68,"column":40}},"31":{"start":{"line":70,"column":2},"end":{"line":86,"column":3}},"32":{"start":{"line":71,"column":21},"end":{"line":79,"column":5}},"33":{"start":{"line":81,"column":4},"end":{"line":81,"column":51}},"34":{"start":{"line":82,"column":4},"end":{"line":82,"column":31}},"35":{"start":{"line":84,"column":4},"end":{"line":84,"column":23}},"36":{"start":{"line":85,"column":4},"end":{"line":85,"column":51}},"37":{"start":{"line":91,"column":19},"end":{"line":101,"column":1}},"38":{"start":{"line":92,"column":13},"end":{"line":92,"column":34}},"39":{"start":{"line":94,"column":2},"end":{"line":100,"column":3}},"40":{"start":{"line":95,"column":21},"end":{"line":95,"column":74}},"41":{"start":{"line":96,"column":4},"end":{"line":96,"column":31}},"42":{"start":{"line":98,"column":4},"end":{"line":98,"column":23}},"43":{"start":{"line":99,"column":4},"end":{"line":99,"column":51}}},"fnMap":{"0":{"name":"(anonymous_0)","decl":{"start":{"line":6,"column":17},"end":{"line":6,"column":18}},"loc":{"start":{"line":6,"column":37},"end":{"line":14,"column":1}},"line":6},"1":{"name":"(anonymous_1)","decl":{"start":{"line":16,"column":20},"end":{"line":16,"column":21}},"loc":{"start":{"line":16,"column":40},"end":{"line":26,"column":1}},"line":16},"2":{"name":"(anonymous_2)","decl":{"start":{"line":28,"column":27},"end":{"line":28,"column":28}},"loc":{"start":{"line":28,"column":47},"end":{"line":40,"column":1}},"line":28},"3":{"name":"(anonymous_3)","decl":{"start":{"line":44,"column":19},"end":{"line":44,"column":20}},"loc":{"start":{"line":44,"column":39},"end":{"line":62,"column":1}},"line":44},"4":{"name":"(anonymous_4)","decl":{"start":{"line":66,"column":19},"end":{"line":66,"column":20}},"loc":{"start":{"line":66,"column":39},"end":{"line":87,"column":1}},"line":66},"5":{"name":"(anonymous_5)","decl":{"start":{"line":91,"column":19},"end":{"line":91,"column":20}},"loc":{"start":{"line":91,"column":39},"end":{"line":101,"column":1}},"line":91}},"branchMap":{},"s":{"0":1,"1":0,"2":0,"3":0,"4":0,"5":0,"6":1,"7":0,"8":0,"9":0,"10":0,"11":0,"12":0,"13":1,"14":0,"15":0,"16":0,"17":0,"18":0,"19":0,"20":1,"21":0,"22":0,"23":0,"24":0,"25":0,"26":0,"27":0,"28":1,"29":0,"30":0,"31":0,"32":0,"33":0,"34":0,"35":0,"36":0,"37":1,"38":0,"39":0,"40":0,"41":0,"42":0,"43":0},"f":{"0":0,"1":0,"2":0,"3":0,"4":0,"5":0},"b":{},"_coverageSchema":"1a1c01bbd47fc00a2c39e90264f33305004495a9","hash":"b4aa65181918e0312e7e310ebb0107b139af9e65"}
,"/home/addicted2salt/jyeh20/projects/lifeRPG/server/controllers/users.js": {"path":"/home/addicted2salt/jyeh20/projects/lifeRPG/server/controllers/users.js","statementMap":{"0":{"start":{"line":27,"column":17},"end":{"line":45,"column":1}},"1":{"start":{"line":28,"column":16},"end":{"line":28,"column":54}},"2":{"start":{"line":29,"column":2},"end":{"line":32,"column":3}},"3":{"start":{"line":30,"column":4},"end":{"line":30,"column":70}},"4":{"start":{"line":31,"column":4},"end":{"line":31,"column":11}},"5":{"start":{"line":33,"column":2},"end":{"line":44,"column":3}},"6":{"start":{"line":34,"column":21},"end":{"line":34,"column":56}},"7":{"start":{"line":35,"column":4},"end":{"line":37,"column":5}},"8":{"start":{"line":36,"column":6},"end":{"line":36,"column":18}},"9":{"start":{"line":38,"column":4},"end":{"line":38,"column":31}},"10":{"start":{"line":39,"column":4},"end":{"line":39,"column":11}},"11":{"start":{"line":41,"column":4},"end":{"line":41,"column":23}},"12":{"start":{"line":42,"column":4},"end":{"line":42,"column":57}},"13":{"start":{"line":43,"column":4},"end":{"line":43,"column":11}},"14":{"start":{"line":47,"column":20},"end":{"line":77,"column":1}},"15":{"start":{"line":48,"column":2},"end":{"line":76,"column":3}},"16":{"start":{"line":49,"column":18},"end":{"line":49,"column":56}},"17":{"start":{"line":50,"column":15},"end":{"line":50,"column":23}},"18":{"start":{"line":52,"column":4},"end":{"line":55,"column":5}},"19":{"start":{"line":53,"column":6},"end":{"line":53,"column":63}},"20":{"start":{"line":54,"column":6},"end":{"line":54,"column":13}},"21":{"start":{"line":57,"column":21},"end":{"line":57,"column":76}},"22":{"start":{"line":58,"column":4},"end":{"line":61,"column":5}},"23":{"start":{"line":59,"column":6},"end":{"line":59,"column":61}},"24":{"start":{"line":60,"column":6},"end":{"line":60,"column":13}},"25":{"start":{"line":62,"column":4},"end":{"line":67,"column":5}},"26":{"start":{"line":63,"column":6},"end":{"line":65,"column":68}},"27":{"start":{"line":66,"column":6},"end":{"line":66,"column":13}},"28":{"start":{"line":68,"column":4},"end":{"line":68,"column":34}},"29":{"start":{"line":70,"column":4},"end":{"line":70,"column":23}},"30":{"start":{"line":71,"column":4},"end":{"line":74,"column":5}},"31":{"start":{"line":72,"column":6},"end":{"line":72,"column":53}},"32":{"start":{"line":73,"column":6},"end":{"line":73,"column":13}},"33":{"start":{"line":75,"column":4},"end":{"line":75,"column":51}},"34":{"start":{"line":79,"column":26},"end":{"line":96,"column":1}},"35":{"start":{"line":80,"column":2},"end":{"line":95,"column":3}},"36":{"start":{"line":81,"column":18},"end":{"line":81,"column":56}},"37":{"start":{"line":82,"column":21},"end":{"line":82,"column":35}},"38":{"start":{"line":84,"column":21},"end":{"line":86,"column":6}},"39":{"start":{"line":87,"column":4},"end":{"line":87,"column":34}},"40":{"start":{"line":89,"column":4},"end":{"line":89,"column":23}},"41":{"start":{"line":90,"column":4},"end":{"line":93,"column":5}},"42":{"start":{"line":91,"column":6},"end":{"line":91,"column":53}},"43":{"start":{"line":92,"column":6},"end":{"line":92,"column":13}},"44":{"start":{"line":94,"column":4},"end":{"line":94,"column":51}},"45":{"start":{"line":103,"column":19},"end":{"line":187,"column":1}},"46":{"start":{"line":104,"column":13},"end":{"line":104,"column":15}},"47":{"start":{"line":105,"column":2},"end":{"line":111,"column":3}},"48":{"start":{"line":106,"column":4},"end":{"line":106,"column":30}},"49":{"start":{"line":108,"column":4},"end":{"line":108,"column":23}},"50":{"start":{"line":109,"column":4},"end":{"line":109,"column":58}},"51":{"start":{"line":110,"column":4},"end":{"line":110,"column":11}},"52":{"start":{"line":113,"column":2},"end":{"line":133,"column":3}},"53":{"start":{"line":114,"column":21},"end":{"line":114,"column":77}},"54":{"start":{"line":115,"column":22},"end":{"line":115,"column":49}},"55":{"start":{"line":116,"column":24},"end":{"line":116,"column":56}},"56":{"start":{"line":117,"column":4},"end":{"line":121,"column":5}},"57":{"start":{"line":118,"column":16},"end":{"line":118,"column":44}},"58":{"start":{"line":119,"column":6},"end":{"line":119,"column":19}},"59":{"start":{"line":120,"column":6},"end":{"line":120,"column":14}},"60":{"start":{"line":123,"column":4},"end":{"line":123,"column":23}},"61":{"start":{"line":125,"column":4},"end":{"line":128,"column":5}},"62":{"start":{"line":126,"column":6},"end":{"line":126,"column":57}},"63":{"start":{"line":127,"column":6},"end":{"line":127,"column":13}},"64":{"start":{"line":135,"column":17},"end":{"line":135,"column":37}},"65":{"start":{"line":137,"column":2},"end":{"line":186,"column":3}},"66":{"start":{"line":138,"column":4},"end":{"line":141,"column":6}},"67":{"start":{"line":143,"column":4},"end":{"line":143,"column":33}},"68":{"start":{"line":144,"column":18},"end":{"line":165,"column":7}},"69":{"start":{"line":166,"column":19},"end":{"line":166,"column":77}},"70":{"start":{"line":166,"column":58},"end":{"line":166,"column":76}},"71":{"start":{"line":168,"column":21},"end":{"line":168,"column":54}},"72":{"start":{"line":170,"column":18},"end":{"line":170,"column":70}},"73":{"start":{"line":172,"column":4},"end":{"line":172,"column":68}},"74":{"start":{"line":173,"column":4},"end":{"line":173,"column":34}},"75":{"start":{"line":174,"column":4},"end":{"line":174,"column":32}},"76":{"start":{"line":176,"column":4},"end":{"line":176,"column":36}},"77":{"start":{"line":178,"column":4},"end":{"line":181,"column":5}},"78":{"start":{"line":179,"column":6},"end":{"line":179,"column":55}},"79":{"start":{"line":180,"column":6},"end":{"line":180,"column":13}},"80":{"start":{"line":185,"column":4},"end":{"line":185,"column":21}},"81":{"start":{"line":189,"column":30},"end":{"line":222,"column":1}},"82":{"start":{"line":190,"column":30},"end":{"line":190,"column":38}},"83":{"start":{"line":191,"column":13},"end":{"line":191,"column":22}},"84":{"start":{"line":193,"column":2},"end":{"line":221,"column":3}},"85":{"start":{"line":194,"column":21},"end":{"line":196,"column":6}},"86":{"start":{"line":197,"column":4},"end":{"line":199,"column":5}},"87":{"start":{"line":198,"column":6},"end":{"line":198,"column":18}},"88":{"start":{"line":201,"column":4},"end":{"line":215,"column":5}},"89":{"start":{"line":202,"column":6},"end":{"line":202,"column":21}},"90":{"start":{"line":204,"column":30},"end":{"line":204,"column":75}},"91":{"start":{"line":205,"column":6},"end":{"line":212,"column":7}},"92":{"start":{"line":206,"column":22},"end":{"line":206,"column":41}},"93":{"start":{"line":207,"column":8},"end":{"line":207,"column":36}},"94":{"start":{"line":208,"column":8},"end":{"line":208,"column":15}},"95":{"start":{"line":210,"column":8},"end":{"line":210,"column":60}},"96":{"start":{"line":211,"column":8},"end":{"line":211,"column":15}},"97":{"start":{"line":214,"column":6},"end":{"line":214,"column":55}},"98":{"start":{"line":224,"column":33},"end":{"line":259,"column":1}},"99":{"start":{"line":225,"column":33},"end":{"line":225,"column":41}},"100":{"start":{"line":226,"column":13},"end":{"line":226,"column":22}},"101":{"start":{"line":228,"column":2},"end":{"line":258,"column":3}},"102":{"start":{"line":230,"column":21},"end":{"line":232,"column":6}},"103":{"start":{"line":233,"column":4},"end":{"line":235,"column":5}},"104":{"start":{"line":234,"column":6},"end":{"line":234,"column":18}},"105":{"start":{"line":237,"column":4},"end":{"line":252,"column":5}},"106":{"start":{"line":238,"column":6},"end":{"line":238,"column":21}},"107":{"start":{"line":240,"column":30},"end":{"line":240,"column":75}},"108":{"start":{"line":241,"column":6},"end":{"line":248,"column":7}},"109":{"start":{"line":242,"column":22},"end":{"line":242,"column":41}},"110":{"start":{"line":243,"column":8},"end":{"line":243,"column":36}},"111":{"start":{"line":244,"column":8},"end":{"line":244,"column":15}},"112":{"start":{"line":246,"column":8},"end":{"line":246,"column":60}},"113":{"start":{"line":247,"column":8},"end":{"line":247,"column":15}},"114":{"start":{"line":250,"column":6},"end":{"line":250,"column":58}},"115":{"start":{"line":251,"column":6},"end":{"line":251,"column":13}},"116":{"start":{"line":261,"column":19},"end":{"line":344,"column":1}},"117":{"start":{"line":262,"column":12},"end":{"line":262,"column":21}},"118":{"start":{"line":263,"column":14},"end":{"line":263,"column":23}},"119":{"start":{"line":264,"column":2},"end":{"line":271,"column":3}},"120":{"start":{"line":265,"column":4},"end":{"line":265,"column":36}},"121":{"start":{"line":266,"column":4},"end":{"line":266,"column":29}},"122":{"start":{"line":268,"column":4},"end":{"line":268,"column":23}},"123":{"start":{"line":269,"column":4},"end":{"line":269,"column":51}},"124":{"start":{"line":270,"column":4},"end":{"line":270,"column":11}},"125":{"start":{"line":272,"column":20},"end":{"line":272,"column":22}},"126":{"start":{"line":273,"column":2},"end":{"line":283,"column":3}},"127":{"start":{"line":274,"column":4},"end":{"line":274,"column":37}},"128":{"start":{"line":277,"column":4},"end":{"line":280,"column":5}},"129":{"start":{"line":278,"column":6},"end":{"line":278,"column":53}},"130":{"start":{"line":279,"column":6},"end":{"line":279,"column":13}},"131":{"start":{"line":285,"column":2},"end":{"line":298,"column":3}},"132":{"start":{"line":286,"column":4},"end":{"line":286,"column":47}},"133":{"start":{"line":288,"column":4},"end":{"line":288,"column":23}},"134":{"start":{"line":290,"column":4},"end":{"line":293,"column":5}},"135":{"start":{"line":291,"column":6},"end":{"line":291,"column":57}},"136":{"start":{"line":292,"column":6},"end":{"line":292,"column":13}},"137":{"start":{"line":299,"column":17},"end":{"line":299,"column":37}},"138":{"start":{"line":300,"column":2},"end":{"line":343,"column":3}},"139":{"start":{"line":301,"column":4},"end":{"line":301,"column":33}},"140":{"start":{"line":303,"column":18},"end":{"line":321,"column":7}},"141":{"start":{"line":323,"column":15},"end":{"line":323,"column":23}},"142":{"start":{"line":324,"column":19},"end":{"line":324,"column":69}},"143":{"start":{"line":325,"column":4},"end":{"line":325,"column":24}},"144":{"start":{"line":326,"column":21},"end":{"line":326,"column":54}},"145":{"start":{"line":327,"column":4},"end":{"line":327,"column":34}},"146":{"start":{"line":329,"column":4},"end":{"line":329,"column":51}},"147":{"start":{"line":330,"column":4},"end":{"line":330,"column":30}},"148":{"start":{"line":332,"column":4},"end":{"line":332,"column":36}},"149":{"start":{"line":333,"column":4},"end":{"line":333,"column":23}},"150":{"start":{"line":335,"column":4},"end":{"line":338,"column":5}},"151":{"start":{"line":336,"column":6},"end":{"line":336,"column":71}},"152":{"start":{"line":337,"column":6},"end":{"line":337,"column":13}},"153":{"start":{"line":342,"column":4},"end":{"line":342,"column":21}},"154":{"start":{"line":346,"column":19},"end":{"line":373,"column":1}},"155":{"start":{"line":347,"column":17},"end":{"line":347,"column":37}},"156":{"start":{"line":349,"column":2},"end":{"line":372,"column":3}},"157":{"start":{"line":350,"column":19},"end":{"line":350,"column":57}},"158":{"start":{"line":352,"column":4},"end":{"line":352,"column":33}},"159":{"start":{"line":354,"column":18},"end":{"line":354,"column":64}},"160":{"start":{"line":355,"column":19},"end":{"line":355,"column":23}},"161":{"start":{"line":357,"column":21},"end":{"line":357,"column":54}},"162":{"start":{"line":359,"column":4},"end":{"line":359,"column":28}},"163":{"start":{"line":360,"column":4},"end":{"line":360,"column":37}},"164":{"start":{"line":362,"column":4},"end":{"line":362,"column":36}},"165":{"start":{"line":364,"column":4},"end":{"line":367,"column":5}},"166":{"start":{"line":365,"column":6},"end":{"line":365,"column":53}},"167":{"start":{"line":366,"column":6},"end":{"line":366,"column":13}},"168":{"start":{"line":371,"column":4},"end":{"line":371,"column":21}},"169":{"start":{"line":380,"column":20},"end":{"line":406,"column":1}},"170":{"start":{"line":381,"column":14},"end":{"line":381,"column":23}},"171":{"start":{"line":382,"column":2},"end":{"line":388,"column":3}},"172":{"start":{"line":383,"column":4},"end":{"line":383,"column":51}},"173":{"start":{"line":385,"column":4},"end":{"line":385,"column":23}},"174":{"start":{"line":386,"column":4},"end":{"line":386,"column":51}},"175":{"start":{"line":387,"column":4},"end":{"line":387,"column":11}},"176":{"start":{"line":390,"column":2},"end":{"line":393,"column":3}},"177":{"start":{"line":391,"column":4},"end":{"line":391,"column":73}},"178":{"start":{"line":392,"column":4},"end":{"line":392,"column":11}},"179":{"start":{"line":395,"column":17},"end":{"line":395,"column":27}},"180":{"start":{"line":396,"column":2},"end":{"line":405,"column":3}},"181":{"start":{"line":397,"column":21},"end":{"line":397,"column":76}},"182":{"start":{"line":398,"column":4},"end":{"line":400,"column":5}},"183":{"start":{"line":399,"column":6},"end":{"line":399,"column":61}},"184":{"start":{"line":401,"column":4},"end":{"line":401,"column":34}},"185":{"start":{"line":403,"column":4},"end":{"line":403,"column":23}},"186":{"start":{"line":404,"column":4},"end":{"line":404,"column":51}},"187":{"start":{"line":408,"column":19},"end":{"line":492,"column":1}},"188":{"start":{"line":409,"column":13},"end":{"line":409,"column":34}},"189":{"start":{"line":410,"column":14},"end":{"line":410,"column":23}},"190":{"start":{"line":411,"column":2},"end":{"line":417,"column":3}},"191":{"start":{"line":412,"column":4},"end":{"line":412,"column":51}},"192":{"start":{"line":414,"column":4},"end":{"line":414,"column":23}},"193":{"start":{"line":415,"column":4},"end":{"line":415,"column":51}},"194":{"start":{"line":416,"column":4},"end":{"line":416,"column":11}},"195":{"start":{"line":419,"column":2},"end":{"line":422,"column":3}},"196":{"start":{"line":420,"column":4},"end":{"line":420,"column":73}},"197":{"start":{"line":421,"column":4},"end":{"line":421,"column":11}},"198":{"start":{"line":424,"column":20},"end":{"line":424,"column":22}},"199":{"start":{"line":425,"column":2},"end":{"line":433,"column":3}},"200":{"start":{"line":426,"column":4},"end":{"line":426,"column":37}},"201":{"start":{"line":428,"column":4},"end":{"line":432,"column":5}},"202":{"start":{"line":429,"column":6},"end":{"line":429,"column":53}},"203":{"start":{"line":431,"column":6},"end":{"line":431,"column":53}},"204":{"start":{"line":435,"column":2},"end":{"line":448,"column":3}},"205":{"start":{"line":436,"column":4},"end":{"line":436,"column":41}},"206":{"start":{"line":438,"column":4},"end":{"line":438,"column":23}},"207":{"start":{"line":439,"column":4},"end":{"line":442,"column":5}},"208":{"start":{"line":440,"column":6},"end":{"line":440,"column":57}},"209":{"start":{"line":441,"column":6},"end":{"line":441,"column":13}},"210":{"start":{"line":443,"column":4},"end":{"line":446,"column":5}},"211":{"start":{"line":444,"column":6},"end":{"line":444,"column":60}},"212":{"start":{"line":445,"column":6},"end":{"line":445,"column":13}},"213":{"start":{"line":447,"column":4},"end":{"line":447,"column":51}},"214":{"start":{"line":450,"column":17},"end":{"line":450,"column":37}},"215":{"start":{"line":451,"column":2},"end":{"line":491,"column":3}},"216":{"start":{"line":452,"column":4},"end":{"line":452,"column":33}},"217":{"start":{"line":454,"column":18},"end":{"line":473,"column":7}},"218":{"start":{"line":475,"column":19},"end":{"line":475,"column":65}},"219":{"start":{"line":476,"column":21},"end":{"line":476,"column":54}},"220":{"start":{"line":477,"column":4},"end":{"line":477,"column":34}},"221":{"start":{"line":479,"column":4},"end":{"line":479,"column":51}},"222":{"start":{"line":480,"column":4},"end":{"line":480,"column":34}},"223":{"start":{"line":482,"column":4},"end":{"line":482,"column":36}},"224":{"start":{"line":483,"column":4},"end":{"line":483,"column":23}},"225":{"start":{"line":484,"column":4},"end":{"line":487,"column":5}},"226":{"start":{"line":485,"column":6},"end":{"line":485,"column":71}},"227":{"start":{"line":486,"column":6},"end":{"line":486,"column":13}},"228":{"start":{"line":488,"column":4},"end":{"line":488,"column":51}},"229":{"start":{"line":490,"column":4},"end":{"line":490,"column":21}},"230":{"start":{"line":494,"column":19},"end":{"line":531,"column":1}},"231":{"start":{"line":495,"column":15},"end":{"line":495,"column":24}},"232":{"start":{"line":496,"column":2},"end":{"line":530,"column":3}},"233":{"start":{"line":497,"column":4},"end":{"line":497,"column":34}},"234":{"start":{"line":499,"column":15},"end":{"line":499,"column":36}},"235":{"start":{"line":500,"column":18},"end":{"line":500,"column":56}},"236":{"start":{"line":502,"column":4},"end":{"line":506,"column":5}},"237":{"start":{"line":503,"column":16},"end":{"line":503,"column":62}},"238":{"start":{"line":504,"column":6},"end":{"line":504,"column":19}},"239":{"start":{"line":505,"column":6},"end":{"line":505,"column":14}},"240":{"start":{"line":508,"column":4},"end":{"line":508,"column":33}},"241":{"start":{"line":510,"column":18},"end":{"line":510,"column":64}},"242":{"start":{"line":511,"column":19},"end":{"line":511,"column":23}},"243":{"start":{"line":513,"column":21},"end":{"line":513,"column":54}},"244":{"start":{"line":514,"column":4},"end":{"line":514,"column":37}},"245":{"start":{"line":516,"column":4},"end":{"line":516,"column":36}},"246":{"start":{"line":517,"column":4},"end":{"line":520,"column":5}},"247":{"start":{"line":518,"column":6},"end":{"line":518,"column":53}},"248":{"start":{"line":519,"column":6},"end":{"line":519,"column":13}},"249":{"start":{"line":522,"column":4},"end":{"line":525,"column":5}},"250":{"start":{"line":523,"column":6},"end":{"line":523,"column":53}},"251":{"start":{"line":524,"column":6},"end":{"line":524,"column":13}},"252":{"start":{"line":529,"column":4},"end":{"line":529,"column":21}}},"fnMap":{"0":{"name":"(anonymous_0)","decl":{"start":{"line":27,"column":17},"end":{"line":27,"column":18}},"loc":{"start":{"line":27,"column":37},"end":{"line":45,"column":1}},"line":27},"1":{"name":"(anonymous_1)","decl":{"start":{"line":47,"column":20},"end":{"line":47,"column":21}},"loc":{"start":{"line":47,"column":40},"end":{"line":77,"column":1}},"line":47},"2":{"name":"(anonymous_2)","decl":{"start":{"line":79,"column":26},"end":{"line":79,"column":27}},"loc":{"start":{"line":79,"column":46},"end":{"line":96,"column":1}},"line":79},"3":{"name":"(anonymous_3)","decl":{"start":{"line":103,"column":19},"end":{"line":103,"column":20}},"loc":{"start":{"line":103,"column":39},"end":{"line":187,"column":1}},"line":103},"4":{"name":"(anonymous_4)","decl":{"start":{"line":166,"column":48},"end":{"line":166,"column":49}},"loc":{"start":{"line":166,"column":58},"end":{"line":166,"column":76}},"line":166},"5":{"name":"(anonymous_5)","decl":{"start":{"line":189,"column":30},"end":{"line":189,"column":31}},"loc":{"start":{"line":189,"column":50},"end":{"line":222,"column":1}},"line":189},"6":{"name":"(anonymous_6)","decl":{"start":{"line":224,"column":33},"end":{"line":224,"column":34}},"loc":{"start":{"line":224,"column":53},"end":{"line":259,"column":1}},"line":224},"7":{"name":"(anonymous_7)","decl":{"start":{"line":261,"column":19},"end":{"line":261,"column":20}},"loc":{"start":{"line":261,"column":39},"end":{"line":344,"column":1}},"line":261},"8":{"name":"(anonymous_8)","decl":{"start":{"line":346,"column":19},"end":{"line":346,"column":20}},"loc":{"start":{"line":346,"column":39},"end":{"line":373,"column":1}},"line":346},"9":{"name":"(anonymous_9)","decl":{"start":{"line":380,"column":20},"end":{"line":380,"column":21}},"loc":{"start":{"line":380,"column":40},"end":{"line":406,"column":1}},"line":380},"10":{"name":"(anonymous_10)","decl":{"start":{"line":408,"column":19},"end":{"line":408,"column":20}},"loc":{"start":{"line":408,"column":39},"end":{"line":492,"column":1}},"line":408},"11":{"name":"(anonymous_11)","decl":{"start":{"line":494,"column":19},"end":{"line":494,"column":20}},"loc":{"start":{"line":494,"column":39},"end":{"line":531,"column":1}},"line":494}},"branchMap":{"0":{"loc":{"start":{"line":29,"column":2},"end":{"line":32,"column":3}},"type":"if","locations":[{"start":{"line":29,"column":2},"end":{"line":32,"column":3}},{"start":{},"end":{}}],"line":29},"1":{"loc":{"start":{"line":35,"column":4},"end":{"line":37,"column":5}},"type":"if","locations":[{"start":{"line":35,"column":4},"end":{"line":37,"column":5}},{"start":{},"end":{}}],"line":35},"2":{"loc":{"start":{"line":52,"column":4},"end":{"line":55,"column":5}},"type":"if","locations":[{"start":{"line":52,"column":4},"end":{"line":55,"column":5}},{"start":{},"end":{}}],"line":52},"3":{"loc":{"start":{"line":58,"column":4},"end":{"line":61,"column":5}},"type":"if","locations":[{"start":{"line":58,"column":4},"end":{"line":61,"column":5}},{"start":{},"end":{}}],"line":58},"4":{"loc":{"start":{"line":62,"column":4},"end":{"line":67,"column":5}},"type":"if","locations":[{"start":{"line":62,"column":4},"end":{"line":67,"column":5}},{"start":{},"end":{}}],"line":62},"5":{"loc":{"start":{"line":71,"column":4},"end":{"line":74,"column":5}},"type":"if","locations":[{"start":{"line":71,"column":4},"end":{"line":74,"column":5}},{"start":{},"end":{}}],"line":71},"6":{"loc":{"start":{"line":90,"column":4},"end":{"line":93,"column":5}},"type":"if","locations":[{"start":{"line":90,"column":4},"end":{"line":93,"column":5}},{"start":{},"end":{}}],"line":90},"7":{"loc":{"start":{"line":117,"column":4},"end":{"line":121,"column":5}},"type":"if","locations":[{"start":{"line":117,"column":4},"end":{"line":121,"column":5}},{"start":{},"end":{}}],"line":117},"8":{"loc":{"start":{"line":125,"column":4},"end":{"line":128,"column":5}},"type":"if","locations":[{"start":{"line":125,"column":4},"end":{"line":128,"column":5}}],"line":125},"9":{"loc":{"start":{"line":178,"column":4},"end":{"line":181,"column":5}},"type":"if","locations":[{"start":{"line":178,"column":4},"end":{"line":181,"column":5}}],"line":178},"10":{"loc":{"start":{"line":197,"column":4},"end":{"line":199,"column":5}},"type":"if","locations":[{"start":{"line":197,"column":4},"end":{"line":199,"column":5}},{"start":{},"end":{}}],"line":197},"11":{"loc":{"start":{"line":201,"column":4},"end":{"line":215,"column":5}},"type":"if","locations":[{"start":{"line":201,"column":4},"end":{"line":215,"column":5}},{"start":{"line":213,"column":11},"end":{"line":215,"column":5}}],"line":201},"12":{"loc":{"start":{"line":205,"column":6},"end":{"line":212,"column":7}},"type":"if","locations":[{"start":{"line":205,"column":6},"end":{"line":212,"column":7}},{"start":{"line":209,"column":13},"end":{"line":212,"column":7}}],"line":205},"13":{"loc":{"start":{"line":233,"column":4},"end":{"line":235,"column":5}},"type":"if","locations":[{"start":{"line":233,"column":4},"end":{"line":235,"column":5}},{"start":{},"end":{}}],"line":233},"14":{"loc":{"start":{"line":237,"column":4},"end":{"line":252,"column":5}},"type":"if","locations":[{"start":{"line":237,"column":4},"end":{"line":252,"column":5}},{"start":{"line":249,"column":11},"end":{"line":252,"column":5}}],"line":237},"15":{"loc":{"start":{"line":241,"column":6},"end":{"line":248,"column":7}},"type":"if","locations":[{"start":{"line":241,"column":6},"end":{"line":248,"column":7}},{"start":{"line":245,"column":13},"end":{"line":248,"column":7}}],"line":241},"16":{"loc":{"start":{"line":277,"column":4},"end":{"line":280,"column":5}},"type":"if","locations":[{"start":{"line":277,"column":4},"end":{"line":280,"column":5}}],"line":277},"17":{"loc":{"start":{"line":290,"column":4},"end":{"line":293,"column":5}},"type":"if","locations":[{"start":{"line":290,"column":4},"end":{"line":293,"column":5}}],"line":290},"18":{"loc":{"start":{"line":335,"column":4},"end":{"line":338,"column":5}},"type":"if","locations":[{"start":{"line":335,"column":4},"end":{"line":338,"column":5}}],"line":335},"19":{"loc":{"start":{"line":364,"column":4},"end":{"line":367,"column":5}},"type":"if","locations":[{"start":{"line":364,"column":4},"end":{"line":367,"column":5}}],"line":364},"20":{"loc":{"start":{"line":390,"column":2},"end":{"line":393,"column":3}},"type":"if","locations":[{"start":{"line":390,"column":2},"end":{"line":393,"column":3}},{"start":{},"end":{}}],"line":390},"21":{"loc":{"start":{"line":398,"column":4},"end":{"line":400,"column":5}},"type":"if","locations":[{"start":{"line":398,"column":4},"end":{"line":400,"column":5}},{"start":{},"end":{}}],"line":398},"22":{"loc":{"start":{"line":419,"column":2},"end":{"line":422,"column":3}},"type":"if","locations":[{"start":{"line":419,"column":2},"end":{"line":422,"column":3}},{"start":{},"end":{}}],"line":419},"23":{"loc":{"start":{"line":428,"column":4},"end":{"line":432,"column":5}},"type":"if","locations":[{"start":{"line":428,"column":4},"end":{"line":432,"column":5}},{"start":{"line":430,"column":11},"end":{"line":432,"column":5}}],"line":428},"24":{"loc":{"start":{"line":439,"column":4},"end":{"line":442,"column":5}},"type":"if","locations":[{"start":{"line":439,"column":4},"end":{"line":442,"column":5}},{"start":{},"end":{}}],"line":439},"25":{"loc":{"start":{"line":443,"column":4},"end":{"line":446,"column":5}},"type":"if","locations":[{"start":{"line":443,"column":4},"end":{"line":446,"column":5}},{"start":{},"end":{}}],"line":443},"26":{"loc":{"start":{"line":484,"column":4},"end":{"line":487,"column":5}},"type":"if","locations":[{"start":{"line":484,"column":4},"end":{"line":487,"column":5}},{"start":{},"end":{}}],"line":484},"27":{"loc":{"start":{"line":502,"column":4},"end":{"line":506,"column":5}},"type":"if","locations":[{"start":{"line":502,"column":4},"end":{"line":506,"column":5}},{"start":{},"end":{}}],"line":502},"28":{"loc":{"start":{"line":517,"column":4},"end":{"line":520,"column":5}},"type":"if","locations":[{"start":{"line":517,"column":4},"end":{"line":520,"column":5}},{"start":{},"end":{}}],"line":517},"29":{"loc":{"start":{"line":522,"column":4},"end":{"line":525,"column":5}},"type":"if","locations":[{"start":{"line":522,"column":4},"end":{"line":525,"column":5}}],"line":522}},"s":{"0":1,"1":7,"2":7,"3":1,"4":1,"5":6,"6":6,"7":6,"8":1,"9":5,"10":5,"11":1,"12":1,"13":1,"14":1,"15":13,"16":13,"17":12,"18":12,"19":1,"20":1,"21":11,"22":10,"23":1,"24":1,"25":9,"26":1,"27":1,"28":8,"29":2,"30":2,"31":1,"32":1,"33":1,"34":1,"35":3,"36":3,"37":2,"38":2,"39":1,"40":2,"41":2,"42":1,"43":1,"44":1,"45":1,"46":11,"47":11,"48":11,"49":2,"50":2,"51":2,"52":9,"53":9,"54":9,"55":9,"56":9,"57":1,"58":1,"59":1,"60":1,"61":1,"62":1,"63":1,"64":8,"65":8,"66":8,"67":8,"68":8,"69":8,"70":128,"71":8,"72":7,"73":7,"74":7,"75":7,"76":1,"77":1,"78":1,"79":1,"80":8,"81":1,"82":3,"83":3,"84":3,"85":3,"86":3,"87":2,"88":3,"89":2,"90":2,"91":2,"92":1,"93":1,"94":1,"95":1,"96":1,"97":1,"98":1,"99":3,"100":3,"101":3,"102":3,"103":3,"104":2,"105":3,"106":2,"107":2,"108":2,"109":1,"110":1,"111":1,"112":1,"113":1,"114":1,"115":1,"116":1,"117":7,"118":7,"119":7,"120":7,"121":7,"122":1,"123":1,"124":1,"125":6,"126":6,"127":6,"128":1,"129":1,"130":1,"131":5,"132":5,"133":2,"134":2,"135":2,"136":2,"137":3,"138":3,"139":3,"140":3,"141":3,"142":3,"143":3,"144":3,"145":2,"146":2,"147":2,"148":1,"149":1,"150":1,"151":1,"152":1,"153":3,"154":1,"155":3,"156":2,"157":2,"158":1,"159":1,"160":1,"161":1,"162":1,"163":1,"164":1,"165":1,"166":1,"167":1,"168":2,"169":1,"170":14,"171":14,"172":14,"173":1,"174":1,"175":1,"176":13,"177":1,"178":1,"179":12,"180":12,"181":12,"182":11,"183":1,"184":11,"185":1,"186":1,"187":1,"188":10,"189":10,"190":10,"191":10,"192":1,"193":1,"194":1,"195":9,"196":1,"197":1,"198":8,"199":8,"200":8,"201":2,"202":1,"203":1,"204":8,"205":8,"206":4,"207":4,"208":2,"209":2,"210":2,"211":1,"212":1,"213":1,"214":4,"215":4,"216":4,"217":4,"218":4,"219":3,"220":2,"221":2,"222":2,"223":2,"224":2,"225":2,"226":1,"227":1,"228":1,"229":4,"230":1,"231":4,"232":4,"233":4,"234":3,"235":3,"236":2,"237":1,"238":1,"239":1,"240":1,"241":1,"242":1,"243":1,"244":1,"245":3,"246":2,"247":1,"248":1,"249":1,"250":1,"251":1,"252":4},"f":{"0":7,"1":13,"2":3,"3":11,"4":128,"5":3,"6":3,"7":7,"8":3,"9":14,"10":10,"11":4},"b":{"0":[1,6],"1":[1,5],"2":[1,11],"3":[1,9],"4":[1,8],"5":[1,1],"6":[1,1],"7":[1,8],"8":[1],"9":[1],"10":[2,1],"11":[2,1],"12":[1,1],"13":[2,1],"14":[2,1],"15":[1,1],"16":[1],"17":[2],"18":[1],"19":[1],"20":[1,12],"21":[1,10],"22":[1,8],"23":[1,1],"24":[2,2],"25":[1,1],"26":[1,1],"27":[1,1],"28":[1,1],"29":[1]},"_coverageSchema":"1a1c01bbd47fc00a2c39e90264f33305004495a9","hash":"ac7a0ccace2b537521a2355b084cca6822b99834"}
,"/home/addicted2salt/jyeh20/projects/lifeRPG/server/db/index.js": {"path":"/home/addicted2salt/jyeh20/projects/lifeRPG/server/db/index.js","statementMap":{"0":{"start":{"line":8,"column":13},"end":{"line":8,"column":20}},"1":{"start":{"line":9,"column":15},"end":{"line":9,"column":24}},"2":{"start":{"line":10,"column":16},"end":{"line":10,"column":53}},"3":{"start":{"line":12,"column":0},"end":{"line":21,"column":1}},"4":{"start":{"line":14,"column":4},"end":{"line":14,"column":57}},"5":{"start":{"line":15,"column":4},"end":{"line":15,"column":10}},"6":{"start":{"line":17,"column":4},"end":{"line":17,"column":57}},"7":{"start":{"line":18,"column":4},"end":{"line":18,"column":10}},"8":{"start":{"line":20,"column":4},"end":{"line":20,"column":56}},"9":{"start":{"line":23,"column":11},"end":{"line":29,"column":2}},"10":{"start":{"line":31,"column":19},"end":{"line":39,"column":1}},"11":{"start":{"line":32,"column":2},"end":{"line":38,"column":5}},"12":{"start":{"line":41,"column":14},"end":{"line":47,"column":1}},"13":{"start":{"line":42,"column":16},"end":{"line":42,"column":26}},"14":{"start":{"line":43,"column":17},"end":{"line":43,"column":46}},"15":{"start":{"line":44,"column":19},"end":{"line":44,"column":37}},"16":{"start":{"line":45,"column":2},"end":{"line":45,"column":53}},"17":{"start":{"line":46,"column":2},"end":{"line":46,"column":16}},"18":{"start":{"line":49,"column":18},"end":{"line":75,"column":1}},"19":{"start":{"line":50,"column":17},"end":{"line":50,"column":37}},"20":{"start":{"line":51,"column":16},"end":{"line":51,"column":28}},"21":{"start":{"line":52,"column":18},"end":{"line":52,"column":32}},"22":{"start":{"line":54,"column":18},"end":{"line":59,"column":10}},"23":{"start":{"line":55,"column":4},"end":{"line":55,"column":62}},"24":{"start":{"line":56,"column":4},"end":{"line":58,"column":6}},"25":{"start":{"line":61,"column":2},"end":{"line":64,"column":4}},"26":{"start":{"line":62,"column":4},"end":{"line":62,"column":28}},"27":{"start":{"line":63,"column":4},"end":{"line":63,"column":37}},"28":{"start":{"line":66,"column":2},"end":{"line":72,"column":4}},"29":{"start":{"line":67,"column":4},"end":{"line":67,"column":26}},"30":{"start":{"line":69,"column":4},"end":{"line":69,"column":25}},"31":{"start":{"line":70,"column":4},"end":{"line":70,"column":29}},"32":{"start":{"line":71,"column":4},"end":{"line":71,"column":33}},"33":{"start":{"line":74,"column":2},"end":{"line":74,"column":16}}},"fnMap":{"0":{"name":"(anonymous_0)","decl":{"start":{"line":31,"column":19},"end":{"line":31,"column":20}},"loc":{"start":{"line":31,"column":31},"end":{"line":39,"column":1}},"line":31},"1":{"name":"(anonymous_1)","decl":{"start":{"line":41,"column":14},"end":{"line":41,"column":15}},"loc":{"start":{"line":41,"column":37},"end":{"line":47,"column":1}},"line":41},"2":{"name":"(anonymous_2)","decl":{"start":{"line":49,"column":18},"end":{"line":49,"column":19}},"loc":{"start":{"line":49,"column":30},"end":{"line":75,"column":1}},"line":49},"3":{"name":"(anonymous_3)","decl":{"start":{"line":54,"column":29},"end":{"line":54,"column":30}},"loc":{"start":{"line":54,"column":35},"end":{"line":59,"column":3}},"line":54},"4":{"name":"(anonymous_4)","decl":{"start":{"line":61,"column":17},"end":{"line":61,"column":18}},"loc":{"start":{"line":61,"column":30},"end":{"line":64,"column":3}},"line":61},"5":{"name":"(anonymous_5)","decl":{"start":{"line":66,"column":19},"end":{"line":66,"column":20}},"loc":{"start":{"line":66,"column":25},"end":{"line":72,"column":3}},"line":66}},"branchMap":{"0":{"loc":{"start":{"line":10,"column":16},"end":{"line":10,"column":53}},"type":"binary-expr","locations":[{"start":{"line":10,"column":16},"end":{"line":10,"column":36}},{"start":{"line":10,"column":40},"end":{"line":10,"column":53}}],"line":10},"1":{"loc":{"start":{"line":12,"column":0},"end":{"line":21,"column":1}},"type":"switch","locations":[{"start":{"line":13,"column":2},"end":{"line":15,"column":10}},{"start":{"line":16,"column":2},"end":{"line":18,"column":10}},{"start":{"line":19,"column":2},"end":{"line":20,"column":56}}],"line":12}},"s":{"0":1,"1":1,"2":1,"3":1,"4":0,"5":0,"6":1,"7":1,"8":0,"9":1,"10":1,"11":6,"12":1,"13":70,"14":70,"15":66,"16":66,"17":66,"18":1,"19":0,"20":0,"21":0,"22":0,"23":0,"24":0,"25":0,"26":0,"27":0,"28":0,"29":0,"30":0,"31":0,"32":0,"33":0},"f":{"0":6,"1":70,"2":0,"3":0,"4":0,"5":0},"b":{"0":[1,0],"1":[0,1,0]},"_coverageSchema":"1a1c01bbd47fc00a2c39e90264f33305004495a9","hash":"87c374edb90584e08749001c1ad26b953205512f"}
,"/home/addicted2salt/jyeh20/projects/lifeRPG/server/models/Commission.js": {"path":"/home/addicted2salt/jyeh20/projects/lifeRPG/server/models/Commission.js","statementMap":{"0":{"start":{"line":3,"column":4},"end":{"line":3,"column":39}},"1":{"start":{"line":4,"column":4},"end":{"line":4,"column":27}},"2":{"start":{"line":5,"column":4},"end":{"line":5,"column":41}},"3":{"start":{"line":6,"column":4},"end":{"line":6,"column":37}},"4":{"start":{"line":7,"column":4},"end":{"line":7,"column":39}},"5":{"start":{"line":8,"column":4},"end":{"line":8,"column":37}},"6":{"start":{"line":9,"column":4},"end":{"line":9,"column":39}},"7":{"start":{"line":10,"column":4},"end":{"line":10,"column":57}},"8":{"start":{"line":11,"column":4},"end":{"line":11,"column":37}},"9":{"start":{"line":15,"column":4},"end":{"line":25,"column":6}}},"fnMap":{"0":{"name":"(anonymous_0)","decl":{"start":{"line":2,"column":2},"end":{"line":2,"column":3}},"loc":{"start":{"line":2,"column":21},"end":{"line":12,"column":3}},"line":2},"1":{"name":"(anonymous_1)","decl":{"start":{"line":14,"column":2},"end":{"line":14,"column":3}},"loc":{"start":{"line":14,"column":25},"end":{"line":26,"column":3}},"line":14}},"branchMap":{"0":{"loc":{"start":{"line":19,"column":6},"end":{"line":19,"column":25}},"type":"binary-expr","locations":[{"start":{"line":19,"column":6},"end":{"line":19,"column":20}},{"start":{"line":19,"column":24},"end":{"line":19,"column":25}}],"line":19},"1":{"loc":{"start":{"line":20,"column":6},"end":{"line":20,"column":26}},"type":"binary-expr","locations":[{"start":{"line":20,"column":6},"end":{"line":20,"column":21}},{"start":{"line":20,"column":25},"end":{"line":20,"column":26}}],"line":20},"2":{"loc":{"start":{"line":21,"column":6},"end":{"line":21,"column":25}},"type":"binary-expr","locations":[{"start":{"line":21,"column":6},"end":{"line":21,"column":20}},{"start":{"line":21,"column":24},"end":{"line":21,"column":25}}],"line":21},"3":{"loc":{"start":{"line":22,"column":6},"end":{"line":22,"column":26}},"type":"binary-expr","locations":[{"start":{"line":22,"column":6},"end":{"line":22,"column":21}},{"start":{"line":22,"column":25},"end":{"line":22,"column":26}}],"line":22},"4":{"loc":{"start":{"line":23,"column":6},"end":{"line":23,"column":35}},"type":"binary-expr","locations":[{"start":{"line":23,"column":6},"end":{"line":23,"column":30}},{"start":{"line":23,"column":34},"end":{"line":23,"column":35}}],"line":23},"5":{"loc":{"start":{"line":24,"column":6},"end":{"line":24,"column":25}},"type":"binary-expr","locations":[{"start":{"line":24,"column":6},"end":{"line":24,"column":20}},{"start":{"line":24,"column":24},"end":{"line":24,"column":25}}],"line":24}},"s":{"0":0,"1":0,"2":0,"3":0,"4":0,"5":0,"6":0,"7":0,"8":0,"9":0},"f":{"0":0,"1":0},"b":{"0":[0,0],"1":[0,0],"2":[0,0],"3":[0,0],"4":[0,0],"5":[0,0]},"_coverageSchema":"1a1c01bbd47fc00a2c39e90264f33305004495a9","hash":"d068307a8a94e0a27013ea9c7e5af72cc21ef191"}
,"/home/addicted2salt/jyeh20/projects/lifeRPG/server/models/Goal.js": {"path":"/home/addicted2salt/jyeh20/projects/lifeRPG/server/models/Goal.js","statementMap":{"0":{"start":{"line":3,"column":4},"end":{"line":3,"column":39}},"1":{"start":{"line":4,"column":4},"end":{"line":4,"column":27}},"2":{"start":{"line":5,"column":4},"end":{"line":5,"column":41}},"3":{"start":{"line":6,"column":4},"end":{"line":6,"column":31}},"4":{"start":{"line":10,"column":4},"end":{"line":10,"column":76}}},"fnMap":{"0":{"name":"(anonymous_0)","decl":{"start":{"line":2,"column":2},"end":{"line":2,"column":3}},"loc":{"start":{"line":2,"column":21},"end":{"line":7,"column":3}},"line":2},"1":{"name":"(anonymous_1)","decl":{"start":{"line":9,"column":2},"end":{"line":9,"column":3}},"loc":{"start":{"line":9,"column":19},"end":{"line":11,"column":3}},"line":9}},"branchMap":{"0":{"loc":{"start":{"line":10,"column":58},"end":{"line":10,"column":74}},"type":"binary-expr","locations":[{"start":{"line":10,"column":58},"end":{"line":10,"column":69}},{"start":{"line":10,"column":73},"end":{"line":10,"column":74}}],"line":10}},"s":{"0":0,"1":0,"2":0,"3":0,"4":0},"f":{"0":0,"1":0},"b":{"0":[0,0]},"_coverageSchema":"1a1c01bbd47fc00a2c39e90264f33305004495a9","hash":"5a135ee286103c8fa1e7c855ccc7651ea9802eed"}
,"/home/addicted2salt/jyeh20/projects/lifeRPG/server/models/User.js": {"path":"/home/addicted2salt/jyeh20/projects/lifeRPG/server/models/User.js","statementMap":{"0":{"start":{"line":5,"column":4},"end":{"line":5,"column":23}},"1":{"start":{"line":6,"column":4},"end":{"line":6,"column":39}},"2":{"start":{"line":7,"column":4},"end":{"line":7,"column":37}},"3":{"start":{"line":8,"column":4},"end":{"line":8,"column":35}},"4":{"start":{"line":9,"column":4},"end":{"line":9,"column":43}},"5":{"start":{"line":10,"column":4},"end":{"line":10,"column":29}},"6":{"start":{"line":11,"column":4},"end":{"line":11,"column":35}},"7":{"start":{"line":12,"column":4},"end":{"line":12,"column":48}},"8":{"start":{"line":13,"column":4},"end":{"line":13,"column":50}},"9":{"start":{"line":14,"column":4},"end":{"line":14,"column":52}},"10":{"start":{"line":15,"column":4},"end":{"line":15,"column":50}},"11":{"start":{"line":16,"column":4},"end":{"line":16,"column":62}},"12":{"start":{"line":17,"column":4},"end":{"line":17,"column":64}},"13":{"start":{"line":18,"column":4},"end":{"line":18,"column":66}},"14":{"start":{"line":19,"column":4},"end":{"line":19,"column":64}},"15":{"start":{"line":20,"column":4},"end":{"line":20,"column":36}},"16":{"start":{"line":21,"column":4},"end":{"line":21,"column":38}},"17":{"start":{"line":23,"column":4},"end":{"line":33,"column":5}},"18":{"start":{"line":30,"column":16},"end":{"line":30,"column":52}},"19":{"start":{"line":31,"column":6},"end":{"line":31,"column":19}},"20":{"start":{"line":32,"column":6},"end":{"line":32,"column":14}},"21":{"start":{"line":35,"column":4},"end":{"line":48,"column":5}},"22":{"start":{"line":45,"column":16},"end":{"line":45,"column":54}},"23":{"start":{"line":46,"column":6},"end":{"line":46,"column":19}},"24":{"start":{"line":47,"column":6},"end":{"line":47,"column":14}},"25":{"start":{"line":52,"column":4},"end":{"line":70,"column":6}},"26":{"start":{"line":74,"column":4},"end":{"line":92,"column":43}},"27":{"start":{"line":92,"column":23},"end":{"line":92,"column":41}}},"fnMap":{"0":{"name":"(anonymous_0)","decl":{"start":{"line":4,"column":2},"end":{"line":4,"column":3}},"loc":{"start":{"line":4,"column":21},"end":{"line":49,"column":3}},"line":4},"1":{"name":"(anonymous_1)","decl":{"start":{"line":51,"column":2},"end":{"line":51,"column":3}},"loc":{"start":{"line":51,"column":12},"end":{"line":71,"column":3}},"line":51},"2":{"name":"(anonymous_2)","decl":{"start":{"line":73,"column":2},"end":{"line":73,"column":3}},"loc":{"start":{"line":73,"column":19},"end":{"line":93,"column":3}},"line":73},"3":{"name":"(anonymous_3)","decl":{"start":{"line":92,"column":13},"end":{"line":92,"column":14}},"loc":{"start":{"line":92,"column":23},"end":{"line":92,"column":41}},"line":92}},"branchMap":{"0":{"loc":{"start":{"line":9,"column":20},"end":{"line":9,"column":42}},"type":"binary-expr","locations":[{"start":{"line":9,"column":20},"end":{"line":9,"column":34}},{"start":{"line":9,"column":38},"end":{"line":9,"column":42}}],"line":9},"1":{"loc":{"start":{"line":12,"column":24},"end":{"line":12,"column":47}},"type":"binary-expr","locations":[{"start":{"line":12,"column":24},"end":{"line":12,"column":42}},{"start":{"line":12,"column":46},"end":{"line":12,"column":47}}],"line":12},"2":{"loc":{"start":{"line":13,"column":25},"end":{"line":13,"column":49}},"type":"binary-expr","locations":[{"start":{"line":13,"column":25},"end":{"line":13,"column":44}},{"start":{"line":13,"column":48},"end":{"line":13,"column":49}}],"line":13},"3":{"loc":{"start":{"line":14,"column":26},"end":{"line":14,"column":51}},"type":"binary-expr","locations":[{"start":{"line":14,"column":26},"end":{"line":14,"column":46}},{"start":{"line":14,"column":50},"end":{"line":14,"column":51}}],"line":14},"4":{"loc":{"start":{"line":15,"column":25},"end":{"line":15,"column":49}},"type":"binary-expr","locations":[{"start":{"line":15,"column":25},"end":{"line":15,"column":44}},{"start":{"line":15,"column":48},"end":{"line":15,"column":49}}],"line":15},"5":{"loc":{"start":{"line":16,"column":31},"end":{"line":16,"column":61}},"type":"binary-expr","locations":[{"start":{"line":16,"column":31},"end":{"line":16,"column":56}},{"start":{"line":16,"column":60},"end":{"line":16,"column":61}}],"line":16},"6":{"loc":{"start":{"line":17,"column":32},"end":{"line":17,"column":63}},"type":"binary-expr","locations":[{"start":{"line":17,"column":32},"end":{"line":17,"column":58}},{"start":{"line":17,"column":62},"end":{"line":17,"column":63}}],"line":17},"7":{"loc":{"start":{"line":18,"column":33},"end":{"line":18,"column":65}},"type":"binary-expr","locations":[{"start":{"line":18,"column":33},"end":{"line":18,"column":60}},{"start":{"line":18,"column":64},"end":{"line":18,"column":65}}],"line":18},"8":{"loc":{"start":{"line":19,"column":32},"end":{"line":19,"column":63}},"type":"binary-expr","locations":[{"start":{"line":19,"column":32},"end":{"line":19,"column":58}},{"start":{"line":19,"column":62},"end":{"line":19,"column":63}}],"line":19},"9":{"loc":{"start":{"line":20,"column":18},"end":{"line":20,"column":35}},"type":"binary-expr","locations":[{"start":{"line":20,"column":18},"end":{"line":20,"column":30}},{"start":{"line":20,"column":34},"end":{"line":20,"column":35}}],"line":20},"10":{"loc":{"start":{"line":21,"column":17},"end":{"line":21,"column":37}},"type":"binary-expr","locations":[{"start":{"line":21,"column":17},"end":{"line":21,"column":28}},{"start":{"line":21,"column":32},"end":{"line":21,"column":37}}],"line":21},"11":{"loc":{"start":{"line":23,"column":4},"end":{"line":33,"column":5}},"type":"if","locations":[{"start":{"line":23,"column":4},"end":{"line":33,"column":5}},{"start":{},"end":{}}],"line":23},"12":{"loc":{"start":{"line":24,"column":6},"end":{"line":28,"column":20}},"type":"binary-expr","locations":[{"start":{"line":24,"column":6},"end":{"line":24,"column":22}},{"start":{"line":25,"column":6},"end":{"line":25,"column":21}},{"start":{"line":26,"column":6},"end":{"line":26,"column":20}},{"start":{"line":27,"column":6},"end":{"line":27,"column":17}},{"start":{"line":28,"column":6},"end":{"line":28,"column":20}}],"line":24},"13":{"loc":{"start":{"line":35,"column":4},"end":{"line":48,"column":5}},"type":"if","locations":[{"start":{"line":35,"column":4},"end":{"line":48,"column":5}},{"start":{},"end":{}}],"line":35},"14":{"loc":{"start":{"line":36,"column":6},"end":{"line":43,"column":35}},"type":"binary-expr","locations":[{"start":{"line":36,"column":6},"end":{"line":36,"column":27}},{"start":{"line":37,"column":6},"end":{"line":37,"column":28}},{"start":{"line":38,"column":6},"end":{"line":38,"column":29}},{"start":{"line":39,"column":6},"end":{"line":39,"column":28}},{"start":{"line":40,"column":6},"end":{"line":40,"column":34}},{"start":{"line":41,"column":6},"end":{"line":41,"column":35}},{"start":{"line":42,"column":6},"end":{"line":42,"column":36}},{"start":{"line":43,"column":6},"end":{"line":43,"column":35}}],"line":36}},"s":{"0":38,"1":37,"2":37,"3":37,"4":37,"5":37,"6":37,"7":37,"8":37,"9":37,"10":37,"11":37,"12":37,"13":37,"14":37,"15":37,"16":37,"17":37,"18":1,"19":1,"20":1,"21":36,"22":3,"23":3,"24":3,"25":7,"26":14,"27":238},"f":{"0":38,"1":7,"2":14,"3":238},"b":{"0":[37,25],"1":[37,10],"2":[37,12],"3":[37,12],"4":[37,12],"5":[37,12],"6":[37,12],"7":[37,12],"8":[37,12],"9":[37,37],"10":[37,33],"11":[1,36],"12":[37,37,37,37,36],"13":[3,33],"14":[36,33,33,33,33,33,33,33]},"_coverageSchema":"1a1c01bbd47fc00a2c39e90264f33305004495a9","hash":"4a8371a85637ae7196b2a1fb99204581e2ca3355"}
,"/home/addicted2salt/jyeh20/projects/lifeRPG/server/models/index.js": {"path":"/home/addicted2salt/jyeh20/projects/lifeRPG/server/models/index.js","statementMap":{},"fnMap":{},"branchMap":{},"s":{},"f":{},"b":{},"_coverageSchema":"1a1c01bbd47fc00a2c39e90264f33305004495a9","hash":"091e6cc334188249cf972bdb6fc523779ca42fb6"}
,"/home/addicted2salt/jyeh20/projects/lifeRPG/server/routes/commissionsRouter.js": {"path":"/home/addicted2salt/jyeh20/projects/lifeRPG/server/routes/commissionsRouter.js","statementMap":{"0":{"start":{"line":4,"column":15},"end":{"line":4,"column":31}},"1":{"start":{"line":6,"column":0},"end":{"line":6,"column":48}},"2":{"start":{"line":7,"column":0},"end":{"line":7,"column":55}},"3":{"start":{"line":8,"column":0},"end":{"line":8,"column":67}},"4":{"start":{"line":9,"column":0},"end":{"line":9,"column":51}},"5":{"start":{"line":10,"column":0},"end":{"line":10,"column":54}},"6":{"start":{"line":11,"column":0},"end":{"line":11,"column":57}}},"fnMap":{},"branchMap":{},"s":{"0":1,"1":1,"2":1,"3":1,"4":1,"5":1,"6":1},"f":{},"b":{},"_coverageSchema":"1a1c01bbd47fc00a2c39e90264f33305004495a9","hash":"39d3cd3c0f11425bd3fee87142ab3f780b0b9519"}
,"/home/addicted2salt/jyeh20/projects/lifeRPG/server/routes/goalsRouter.js": {"path":"/home/addicted2salt/jyeh20/projects/lifeRPG/server/routes/goalsRouter.js","statementMap":{"0":{"start":{"line":4,"column":15},"end":{"line":4,"column":31}},"1":{"start":{"line":6,"column":0},"end":{"line":6,"column":36}},"2":{"start":{"line":7,"column":0},"end":{"line":7,"column":43}},"3":{"start":{"line":8,"column":0},"end":{"line":8,"column":55}},"4":{"start":{"line":9,"column":0},"end":{"line":9,"column":39}},"5":{"start":{"line":10,"column":0},"end":{"line":10,"column":42}},"6":{"start":{"line":11,"column":0},"end":{"line":11,"column":45}}},"fnMap":{},"branchMap":{},"s":{"0":1,"1":1,"2":1,"3":1,"4":1,"5":1,"6":1},"f":{},"b":{},"_coverageSchema":"1a1c01bbd47fc00a2c39e90264f33305004495a9","hash":"089284fa8a6651cbd5416086b17d63a04dec2d35"}
,"/home/addicted2salt/jyeh20/projects/lifeRPG/server/routes/index.js": {"path":"/home/addicted2salt/jyeh20/projects/lifeRPG/server/routes/index.js","statementMap":{},"fnMap":{},"branchMap":{},"s":{},"f":{},"b":{},"_coverageSchema":"1a1c01bbd47fc00a2c39e90264f33305004495a9","hash":"fc44a8d76130c8374fb1177434a1423ace1b1fe4"}
,"/home/addicted2salt/jyeh20/projects/lifeRPG/server/routes/usersRouter.js": {"path":"/home/addicted2salt/jyeh20/projects/lifeRPG/server/routes/usersRouter.js","statementMap":{"0":{"start":{"line":4,"column":15},"end":{"line":4,"column":27}},"1":{"start":{"line":6,"column":0},"end":{"line":6,"column":36}},"2":{"start":{"line":7,"column":0},"end":{"line":7,"column":54}},"3":{"start":{"line":8,"column":0},"end":{"line":8,"column":42}},"4":{"start":{"line":9,"column":0},"end":{"line":9,"column":39}},"5":{"start":{"line":10,"column":0},"end":{"line":10,"column":62}},"6":{"start":{"line":11,"column":0},"end":{"line":11,"column":68}},"7":{"start":{"line":12,"column":0},"end":{"line":12,"column":38}},"8":{"start":{"line":13,"column":0},"end":{"line":13,"column":41}},"9":{"start":{"line":15,"column":0},"end":{"line":15,"column":49}},"10":{"start":{"line":16,"column":0},"end":{"line":16,"column":48}},"11":{"start":{"line":17,"column":0},"end":{"line":17,"column":51}}},"fnMap":{},"branchMap":{},"s":{"0":1,"1":1,"2":1,"3":1,"4":1,"5":1,"6":1,"7":1,"8":1,"9":1,"10":1,"11":1},"f":{},"b":{},"_coverageSchema":"1a1c01bbd47fc00a2c39e90264f33305004495a9","hash":"6d0be0e54472dfb75bc553a149413914b6ffe032"}
,"/home/addicted2salt/jyeh20/projects/lifeRPG/server/tests/loader.js": {"path":"/home/addicted2salt/jyeh20/projects/lifeRPG/server/tests/loader.js","statementMap":{"0":{"start":{"line":3,"column":24},"end":{"line":31,"column":1}},"1":{"start":{"line":4,"column":2},"end":{"line":4,"column":41}},"2":{"start":{"line":5,"column":2},"end":{"line":5,"column":58}},"3":{"start":{"line":6,"column":2},"end":{"line":6,"column":63}},"4":{"start":{"line":7,"column":2},"end":{"line":29,"column":7}},"5":{"start":{"line":30,"column":2},"end":{"line":30,"column":38}},"6":{"start":{"line":33,"column":18},"end":{"line":38,"column":1}},"7":{"start":{"line":34,"column":2},"end":{"line":34,"column":41}},"8":{"start":{"line":35,"column":2},"end":{"line":35,"column":58}},"9":{"start":{"line":36,"column":2},"end":{"line":36,"column":38}},"10":{"start":{"line":37,"column":2},"end":{"line":37,"column":19}},"11":{"start":{"line":40,"column":16},"end":{"line":42,"column":1}},"12":{"start":{"line":41,"column":2},"end":{"line":41,"column":19}},"13":{"start":{"line":44,"column":18},"end":{"line":46,"column":1}},"14":{"start":{"line":45,"column":2},"end":{"line":45,"column":21}}},"fnMap":{"0":{"name":"(anonymous_0)","decl":{"start":{"line":3,"column":24},"end":{"line":3,"column":25}},"loc":{"start":{"line":3,"column":36},"end":{"line":31,"column":1}},"line":3},"1":{"name":"(anonymous_1)","decl":{"start":{"line":33,"column":18},"end":{"line":33,"column":19}},"loc":{"start":{"line":33,"column":30},"end":{"line":38,"column":1}},"line":33},"2":{"name":"(anonymous_2)","decl":{"start":{"line":40,"column":16},"end":{"line":40,"column":17}},"loc":{"start":{"line":40,"column":28},"end":{"line":42,"column":1}},"line":40},"3":{"name":"(anonymous_3)","decl":{"start":{"line":44,"column":18},"end":{"line":44,"column":19}},"loc":{"start":{"line":44,"column":30},"end":{"line":46,"column":1}},"line":44}},"branchMap":{},"s":{"0":1,"1":1,"2":1,"3":1,"4":1,"5":1,"6":1,"7":1,"8":1,"9":1,"10":1,"11":1,"12":6,"13":1,"14":6},"f":{"0":1,"1":1,"2":6,"3":6},"b":{},"_coverageSchema":"1a1c01bbd47fc00a2c39e90264f33305004495a9","hash":"82b9ad99262b37b5fcb0499b907b6f747b90832d"}
}
