TN:
SF:app.js
FNF:0
FNH:0
DA:5,1
DA:7,1
DA:8,1
DA:10,1
DA:11,1
DA:12,1
LF:6
LH:6
BRF:0
BRH:0
end_of_record
TN:
SF:auth/jwt.js
FN:18,(anonymous_0)
FN:31,(anonymous_1)
FNF:2
FNH:2
FNDA:13,(anonymous_0)
FNDA:69,(anonymous_1)
DA:5,1
DA:7,1
DA:9,0
DA:10,0
DA:12,1
DA:13,1
DA:15,0
DA:18,1
DA:19,13
DA:20,13
DA:21,13
DA:27,0
DA:31,1
DA:32,69
LF:14
LH:10
BRDA:5,0,0,1
BRDA:5,0,1,0
BRDA:7,1,0,0
BRDA:7,1,1,1
BRDA:7,1,2,0
BRDA:18,2,0,13
BRF:6
BRH:3
end_of_record
TN:
SF:controllers/commissions.js
FN:6,(anonymous_0)
FN:16,(anonymous_1)
FN:30,(anonymous_2)
FN:47,(anonymous_3)
FN:77,(anonymous_4)
FN:106,(anonymous_5)
FNF:6
FNH:0
FNDA:0,(anonymous_0)
FNDA:0,(anonymous_1)
FNDA:0,(anonymous_2)
FNDA:0,(anonymous_3)
FNDA:0,(anonymous_4)
FNDA:0,(anonymous_5)
DA:6,1
DA:7,0
DA:8,0
DA:9,0
DA:11,0
DA:12,0
DA:16,1
DA:17,0
DA:19,0
DA:20,0
DA:23,0
DA:25,0
DA:26,0
DA:30,1
DA:31,0
DA:33,0
DA:34,0
DA:38,0
DA:40,0
DA:41,0
DA:47,1
DA:48,0
DA:49,0
DA:51,0
DA:52,0
DA:67,0
DA:68,0
DA:70,0
DA:71,0
DA:77,1
DA:78,0
DA:79,0
DA:80,0
DA:81,0
DA:96,0
DA:97,0
DA:99,0
DA:100,0
DA:106,1
DA:107,0
DA:109,0
DA:110,0
DA:114,0
DA:116,0
DA:117,0
LF:45
LH:6
BRF:0
BRH:0
end_of_record
TN:
SF:controllers/goals.js
FN:6,(anonymous_0)
FN:16,(anonymous_1)
FN:28,(anonymous_2)
FN:44,(anonymous_3)
FN:66,(anonymous_4)
FN:91,(anonymous_5)
FNF:6
FNH:0
FNDA:0,(anonymous_0)
FNDA:0,(anonymous_1)
FNDA:0,(anonymous_2)
FNDA:0,(anonymous_3)
FNDA:0,(anonymous_4)
FNDA:0,(anonymous_5)
DA:6,1
DA:7,0
DA:8,0
DA:9,0
DA:11,0
DA:12,0
DA:16,1
DA:17,0
DA:19,0
DA:20,0
DA:21,0
DA:23,0
DA:24,0
DA:28,1
DA:29,0
DA:31,0
DA:32,0
DA:35,0
DA:37,0
DA:38,0
DA:44,1
DA:45,0
DA:47,0
DA:48,0
DA:56,0
DA:57,0
DA:59,0
DA:60,0
DA:66,1
DA:67,0
DA:68,0
DA:70,0
DA:71,0
DA:81,0
DA:82,0
DA:84,0
DA:85,0
DA:91,1
DA:92,0
DA:94,0
DA:95,0
DA:96,0
DA:98,0
DA:99,0
LF:44
LH:6
BRF:0
BRH:0
end_of_record
TN:
SF:controllers/users.js
FN:27,(anonymous_0)
FN:47,(anonymous_1)
FN:79,(anonymous_2)
FN:103,(anonymous_3)
FN:166,(anonymous_4)
FN:189,(anonymous_5)
FN:224,(anonymous_6)
FN:261,(anonymous_7)
FN:346,(anonymous_8)
FN:380,(anonymous_9)
FN:408,(anonymous_10)
FN:494,(anonymous_11)
FNF:12
FNH:12
FNDA:7,(anonymous_0)
FNDA:13,(anonymous_1)
FNDA:3,(anonymous_2)
FNDA:11,(anonymous_3)
FNDA:128,(anonymous_4)
FNDA:3,(anonymous_5)
FNDA:3,(anonymous_6)
FNDA:7,(anonymous_7)
FNDA:3,(anonymous_8)
FNDA:14,(anonymous_9)
FNDA:10,(anonymous_10)
FNDA:4,(anonymous_11)
DA:27,1
DA:28,7
DA:29,7
DA:30,1
DA:31,1
DA:33,6
DA:34,6
DA:35,6
DA:36,1
DA:38,5
DA:39,5
DA:41,1
DA:42,1
DA:43,1
DA:47,1
DA:48,13
DA:49,13
DA:50,12
DA:52,12
DA:53,1
DA:54,1
DA:57,11
DA:58,10
DA:59,1
DA:60,1
DA:62,9
DA:63,1
DA:66,1
DA:68,8
DA:70,2
DA:71,2
DA:72,1
DA:73,1
DA:75,1
DA:79,1
DA:80,3
DA:81,3
DA:82,2
DA:84,2
DA:87,1
DA:89,2
DA:90,2
DA:91,1
DA:92,1
DA:94,1
DA:103,1
DA:104,11
DA:105,11
DA:106,11
DA:108,2
DA:109,2
DA:110,2
DA:113,9
DA:114,9
DA:115,9
DA:116,9
DA:117,9
DA:118,1
DA:119,1
DA:120,1
DA:123,1
DA:125,1
DA:126,1
DA:127,1
DA:135,8
DA:137,8
DA:138,8
DA:143,8
DA:144,8
DA:166,128
DA:168,8
DA:170,7
DA:172,7
DA:173,7
DA:174,7
DA:176,1
DA:178,1
DA:179,1
DA:180,1
DA:185,8
DA:189,1
DA:190,3
DA:191,3
DA:193,3
DA:194,3
DA:197,3
DA:198,2
DA:201,3
DA:202,2
DA:204,2
DA:205,2
DA:206,1
DA:207,1
DA:208,1
DA:210,1
DA:211,1
DA:214,1
DA:224,1
DA:225,3
DA:226,3
DA:228,3
DA:230,3
DA:233,3
DA:234,2
DA:237,3
DA:238,2
DA:240,2
DA:241,2
DA:242,1
DA:243,1
DA:244,1
DA:246,1
DA:247,1
DA:250,1
DA:251,1
DA:261,1
DA:262,7
DA:263,7
DA:264,7
DA:265,7
DA:266,7
DA:268,1
DA:269,1
DA:270,1
DA:272,6
DA:273,6
DA:274,6
DA:277,1
DA:278,1
DA:279,1
DA:285,5
DA:286,5
DA:288,2
DA:290,2
DA:291,2
DA:292,2
DA:299,3
DA:300,3
DA:301,3
DA:303,3
DA:323,3
DA:324,3
DA:325,3
DA:326,3
DA:327,2
DA:329,2
DA:330,2
DA:332,1
DA:333,1
DA:335,1
DA:336,1
DA:337,1
DA:342,3
DA:346,1
DA:347,3
DA:349,2
DA:350,2
DA:352,1
DA:354,1
DA:355,1
DA:357,1
DA:359,1
DA:360,1
DA:362,1
DA:364,1
DA:365,1
DA:366,1
DA:371,2
DA:380,1
DA:381,14
DA:382,14
DA:383,14
DA:385,1
DA:386,1
DA:387,1
DA:390,13
DA:391,1
DA:392,1
DA:395,12
DA:396,12
DA:397,12
DA:398,11
DA:399,1
DA:401,11
DA:403,1
DA:404,1
DA:408,1
DA:409,10
DA:410,10
DA:411,10
DA:412,10
DA:414,1
DA:415,1
DA:416,1
DA:419,9
DA:420,1
DA:421,1
DA:424,8
DA:425,8
DA:426,8
DA:428,2
DA:429,1
DA:431,1
DA:435,8
DA:436,8
DA:438,4
DA:439,4
DA:440,2
DA:441,2
DA:443,2
DA:444,1
DA:445,1
DA:447,1
DA:450,4
DA:451,4
DA:452,4
DA:454,4
DA:475,4
DA:476,3
DA:477,2
DA:479,2
DA:480,2
DA:482,2
DA:483,2
DA:484,2
DA:485,1
DA:486,1
DA:488,1
DA:490,4
DA:494,1
DA:495,4
DA:496,4
DA:497,4
DA:499,3
DA:500,3
DA:502,2
DA:503,1
DA:504,1
DA:505,1
DA:508,1
DA:510,1
DA:511,1
DA:513,1
DA:514,1
DA:516,3
DA:517,2
DA:518,1
DA:519,1
DA:522,1
DA:523,1
DA:524,1
DA:529,4
LF:252
LH:252
BRDA:29,0,0,1
BRDA:29,0,1,6
BRDA:35,1,0,1
BRDA:35,1,1,5
BRDA:52,2,0,1
BRDA:52,2,1,11
BRDA:58,3,0,1
BRDA:58,3,1,9
BRDA:62,4,0,1
BRDA:62,4,1,8
BRDA:71,5,0,1
BRDA:71,5,1,1
BRDA:90,6,0,1
BRDA:90,6,1,1
BRDA:117,7,0,1
BRDA:117,7,1,8
BRDA:125,8,0,1
BRDA:178,9,0,1
BRDA:197,10,0,2
BRDA:197,10,1,1
BRDA:201,11,0,2
BRDA:201,11,1,1
BRDA:205,12,0,1
BRDA:205,12,1,1
BRDA:233,13,0,2
BRDA:233,13,1,1
BRDA:237,14,0,2
BRDA:237,14,1,1
BRDA:241,15,0,1
BRDA:241,15,1,1
BRDA:277,16,0,1
BRDA:290,17,0,2
BRDA:335,18,0,1
BRDA:364,19,0,1
BRDA:390,20,0,1
BRDA:390,20,1,12
BRDA:398,21,0,1
BRDA:398,21,1,10
BRDA:419,22,0,1
BRDA:419,22,1,8
BRDA:428,23,0,1
BRDA:428,23,1,1
BRDA:439,24,0,2
BRDA:439,24,1,2
BRDA:443,25,0,1
BRDA:443,25,1,1
BRDA:484,26,0,1
BRDA:484,26,1,1
BRDA:502,27,0,1
BRDA:502,27,1,1
BRDA:517,28,0,1
BRDA:517,28,1,1
BRDA:522,29,0,1
BRF:53
BRH:53
end_of_record
TN:
SF:db/index.js
FN:31,(anonymous_0)
FN:41,(anonymous_1)
FN:49,(anonymous_2)
FN:54,(anonymous_3)
FN:61,(anonymous_4)
FN:66,(anonymous_5)
FNF:6
FNH:2
FNDA:6,(anonymous_0)
FNDA:70,(anonymous_1)
FNDA:0,(anonymous_2)
FNDA:0,(anonymous_3)
FNDA:0,(anonymous_4)
FNDA:0,(anonymous_5)
DA:8,1
DA:9,1
DA:10,1
DA:12,1
DA:14,0
DA:15,0
DA:17,1
DA:18,1
DA:20,0
DA:23,1
DA:31,1
DA:32,6
DA:41,1
DA:42,70
DA:43,70
DA:44,66
DA:45,66
DA:46,66
DA:49,1
DA:50,0
DA:51,0
DA:52,0
DA:54,0
DA:55,0
DA:56,0
DA:61,0
DA:62,0
DA:63,0
DA:66,0
DA:67,0
DA:69,0
DA:70,0
DA:71,0
DA:74,0
LF:34
LH:16
BRDA:10,0,0,1
BRDA:10,0,1,0
BRDA:12,1,0,0
BRDA:12,1,1,1
BRDA:12,1,2,0
BRF:5
BRH:2
end_of_record
TN:
SF:models/Commission.js
FN:2,(anonymous_0)
FN:14,(anonymous_1)
FNF:2
FNH:0
FNDA:0,(anonymous_0)
FNDA:0,(anonymous_1)
DA:3,0
DA:4,0
DA:5,0
DA:6,0
DA:7,0
DA:8,0
DA:9,0
DA:10,0
DA:11,0
DA:15,0
LF:10
LH:0
BRDA:19,0,0,0
BRDA:19,0,1,0
BRDA:20,1,0,0
BRDA:20,1,1,0
BRDA:21,2,0,0
BRDA:21,2,1,0
BRDA:22,3,0,0
BRDA:22,3,1,0
BRDA:23,4,0,0
BRDA:23,4,1,0
BRDA:24,5,0,0
BRDA:24,5,1,0
BRF:12
BRH:0
end_of_record
TN:
SF:models/Goal.js
FN:2,(anonymous_0)
FN:9,(anonymous_1)
FNF:2
FNH:0
FNDA:0,(anonymous_0)
FNDA:0,(anonymous_1)
DA:3,0
DA:4,0
DA:5,0
DA:6,0
DA:10,0
LF:5
LH:0
BRDA:10,0,0,0
BRDA:10,0,1,0
BRF:2
BRH:0
end_of_record
TN:
SF:models/User.js
FN:4,(anonymous_0)
FN:51,(anonymous_1)
FN:73,(anonymous_2)
FN:92,(anonymous_3)
FNF:4
FNH:4
FNDA:38,(anonymous_0)
FNDA:7,(anonymous_1)
FNDA:14,(anonymous_2)
FNDA:238,(anonymous_3)
DA:5,38
DA:6,37
DA:7,37
DA:8,37
DA:9,37
DA:10,37
DA:11,37
DA:12,37
DA:13,37
DA:14,37
DA:15,37
DA:16,37
DA:17,37
DA:18,37
DA:19,37
DA:20,37
DA:21,37
DA:23,37
DA:30,1
DA:31,1
DA:32,1
DA:35,36
DA:45,3
DA:46,3
DA:47,3
DA:52,7
DA:74,14
DA:92,238
LF:28
LH:28
BRDA:9,0,0,37
BRDA:9,0,1,25
BRDA:12,1,0,37
BRDA:12,1,1,10
BRDA:13,2,0,37
BRDA:13,2,1,12
BRDA:14,3,0,37
BRDA:14,3,1,12
BRDA:15,4,0,37
BRDA:15,4,1,12
BRDA:16,5,0,37
BRDA:16,5,1,12
BRDA:17,6,0,37
BRDA:17,6,1,12
BRDA:18,7,0,37
BRDA:18,7,1,12
BRDA:19,8,0,37
BRDA:19,8,1,12
BRDA:20,9,0,37
BRDA:20,9,1,37
BRDA:21,10,0,37
BRDA:21,10,1,33
BRDA:23,11,0,1
BRDA:23,11,1,36
BRDA:24,12,0,37
BRDA:24,12,1,37
BRDA:24,12,2,37
BRDA:24,12,3,37
BRDA:24,12,4,36
BRDA:35,13,0,3
BRDA:35,13,1,33
BRDA:36,14,0,36
BRDA:36,14,1,33
BRDA:36,14,2,33
BRDA:36,14,3,33
BRDA:36,14,4,33
BRDA:36,14,5,33
BRDA:36,14,6,33
BRDA:36,14,7,33
BRF:39
BRH:39
end_of_record
TN:
SF:models/index.js
FNF:0
FNH:0
LF:0
LH:0
BRF:0
BRH:0
end_of_record
TN:
SF:routes/commissionsRouter.js
FNF:0
FNH:0
DA:4,1
DA:6,1
DA:7,1
DA:8,1
DA:9,1
DA:10,1
DA:11,1
LF:7
LH:7
BRF:0
BRH:0
end_of_record
TN:
SF:routes/goalsRouter.js
FNF:0
FNH:0
DA:4,1
DA:6,1
DA:7,1
DA:8,1
DA:9,1
DA:10,1
DA:11,1
LF:7
LH:7
BRF:0
BRH:0
end_of_record
TN:
SF:routes/index.js
FNF:0
FNH:0
LF:0
LH:0
BRF:0
BRH:0
end_of_record
TN:
SF:routes/usersRouter.js
FNF:0
FNH:0
DA:4,1
DA:6,1
DA:7,1
DA:8,1
DA:9,1
DA:10,1
DA:11,1
DA:12,1
DA:13,1
DA:15,1
DA:16,1
DA:17,1
LF:12
LH:12
BRF:0
BRH:0
end_of_record
TN:
SF:tests/loader.js
FN:3,(anonymous_0)
FN:33,(anonymous_1)
FN:40,(anonymous_2)
FN:44,(anonymous_3)
FNF:4
FNH:4
FNDA:1,(anonymous_0)
FNDA:1,(anonymous_1)
FNDA:6,(anonymous_2)
FNDA:6,(anonymous_3)
DA:3,1
DA:4,1
DA:5,1
DA:6,1
DA:7,1
DA:30,1
DA:33,1
DA:34,1
DA:35,1
DA:36,1
DA:37,1
DA:40,1
DA:41,6
DA:44,1
DA:45,6
LF:15
LH:15
BRF:0
BRH:0
end_of_record
